<SensorData>
<Timestamp>
1694277714400
</Timestamp>
<Runtime>
1694277714400
</Runtime>
<Tool>
Eclipse
</Tool>
<SensorDataType>
DevEvent
</SensorDataType>
<URI>
/H:/D_Vol_Origin/360MoveData/Users/Xianwei/Desktop/学习/Graduate/Fall2023/CS5040/DataStructureAndAlgoJavaProj/HW1/F23P1starter/src/Parser.java
</URI>
<ProjectURI>
/H:/D_Vol_Origin/360MoveData/Users/Xianwei/Desktop/学习/Graduate/Fall2023/CS5040/DataStructureAndAlgoJavaProj/HW1/F23P1starter
</ProjectURI>
<Properties>
<Property>
<Name>
Type
</Name>
<Value>
Launch
</Value>
</Property>
<Property>
<Name>
Subtype
</Name>
<Value>
Normal
</Value>
</Property>
<Property>
<Name>
Unit-Name
</Name>
<Value>
src
</Value>
</Property>
</Properties>
</SensorData>
<SensorData>
<Timestamp>
1694277763432
</Timestamp>
<Runtime>
1694277763432
</Runtime>
<Tool>
Eclipse
</Tool>
<SensorDataType>
DevEvent
</SensorDataType>
<URI>
/H:/D_Vol_Origin/360MoveData/Users/Xianwei/Desktop/学习/Graduate/Fall2023/CS5040/DataStructureAndAlgoJavaProj/HW1/F23P1starter/src/ParserTest.java
</URI>
<ProjectURI>
/H:/D_Vol_Origin/360MoveData/Users/Xianwei/Desktop/学习/Graduate/Fall2023/CS5040/DataStructureAndAlgoJavaProj/HW1/F23P1starter
</ProjectURI>
<Properties>
<Property>
<Name>
Current-Statements
</Name>
<Value>
58
</Value>
</Property>
<Property>
<Name>
Current-Test-Assertions
</Name>
<Value>
23
</Value>
</Property>
<Property>
<Name>
Type
</Name>
<Value>
Edit
</Value>
</Property>
<Property>
<Name>
Class-Name
</Name>
<Value>
ParserTest
</Value>
</Property>
<Property>
<Name>
Current-Methods
</Name>
<Value>
1
</Value>
</Property>
<Property>
<Name>
Current-Size
</Name>
<Value>
3753
</Value>
</Property>
<Property>
<Name>
Current-Test-Methods
</Name>
<Value>
1
</Value>
</Property>
<Property>
<Name>
Subtype
</Name>
<Value>
StateChange
</Value>
</Property>
</Properties>
</SensorData>
<SensorData>
<Timestamp>
1694277765674
</Timestamp>
<Runtime>
1694277765674
</Runtime>
<Tool>
Eclipse
</Tool>
<SensorDataType>
DevEvent
</SensorDataType>
<URI>
/H:/D_Vol_Origin/360MoveData/Users/Xianwei/Desktop/学习/Graduate/Fall2023/CS5040/DataStructureAndAlgoJavaProj/HW1/F23P1starter/src/ParserTest.java
</URI>
<ProjectURI>
/H:/D_Vol_Origin/360MoveData/Users/Xianwei/Desktop/学习/Graduate/Fall2023/CS5040/DataStructureAndAlgoJavaProj/HW1/F23P1starter
</ProjectURI>
<Properties>
<Property>
<Name>
Current-Statements
</Name>
<Value>
50
</Value>
</Property>
<Property>
<Name>
Current-Test-Assertions
</Name>
<Value>
21
</Value>
</Property>
<Property>
<Name>
Type
</Name>
<Value>
Edit
</Value>
</Property>
<Property>
<Name>
Class-Name
</Name>
<Value>
ParserTest
</Value>
</Property>
<Property>
<Name>
Language
</Name>
<Value>
java
</Value>
</Property>
<Property>
<Name>
Current-Methods
</Name>
<Value>
1
</Value>
</Property>
<Property>
<Name>
TestCodeEdit
</Name>
<Value>
true
</Value>
</Property>
<Property>
<Name>
CommitHash
</Name>
<Value>
90d5c098128c12b9ab39760df5c977a2dca9d533
</Value>
</Property>
<Property>
<Name>
Current-Size
</Name>
<Value>
3403
</Value>
</Property>
<Property>
<Name>
Current-Test-Methods
</Name>
<Value>
1
</Value>
</Property>
<Property>
<Name>
Subtype
</Name>
<Value>
Save
</Value>
</Property>
<Property>
<Name>
Unit-Type
</Name>
<Value>
file
</Value>
</Property>
</Properties>
</SensorData>
<SensorData>
<Timestamp>
1694277768679
</Timestamp>
<Runtime>
1694277768679
</Runtime>
<Tool>
Eclipse
</Tool>
<SensorDataType>
DevEvent
</SensorDataType>
<URI>
/H:/D_Vol_Origin/360MoveData/Users/Xianwei/Desktop/学习/Graduate/Fall2023/CS5040/DataStructureAndAlgoJavaProj/HW1/F23P1starter/src/ParserTest.java
</URI>
<ProjectURI>
/H:/D_Vol_Origin/360MoveData/Users/Xianwei/Desktop/学习/Graduate/Fall2023/CS5040/DataStructureAndAlgoJavaProj/HW1/F23P1starter
</ProjectURI>
<Properties>
<Property>
<Name>
Current-Statements
</Name>
<Value>
58
</Value>
</Property>
<Property>
<Name>
Current-Test-Assertions
</Name>
<Value>
23
</Value>
</Property>
<Property>
<Name>
Type
</Name>
<Value>
Edit
</Value>
</Property>
<Property>
<Name>
Class-Name
</Name>
<Value>
ParserTest
</Value>
</Property>
<Property>
<Name>
Language
</Name>
<Value>
java
</Value>
</Property>
<Property>
<Name>
Current-Methods
</Name>
<Value>
1
</Value>
</Property>
<Property>
<Name>
TestCodeEdit
</Name>
<Value>
true
</Value>
</Property>
<Property>
<Name>
CommitHash
</Name>
<Value>
00d3737058636c1f517bfa53edc672cd3110fa8a
</Value>
</Property>
<Property>
<Name>
Current-Size
</Name>
<Value>
3753
</Value>
</Property>
<Property>
<Name>
Current-Test-Methods
</Name>
<Value>
1
</Value>
</Property>
<Property>
<Name>
Subtype
</Name>
<Value>
Save
</Value>
</Property>
<Property>
<Name>
Unit-Type
</Name>
<Value>
file
</Value>
</Property>
</Properties>
</SensorData>
<SensorData>
<Timestamp>
1694277770584
</Timestamp>
<Runtime>
1694277770584
</Runtime>
<Tool>
Eclipse
</Tool>
<SensorDataType>
DevEvent
</SensorDataType>
<URI>
/H:/D_Vol_Origin/360MoveData/Users/Xianwei/Desktop/学习/Graduate/Fall2023/CS5040/DataStructureAndAlgoJavaProj/HW1/F23P1starter/src/ParserTest.java
</URI>
<ProjectURI>
/H:/D_Vol_Origin/360MoveData/Users/Xianwei/Desktop/学习/Graduate/Fall2023/CS5040/DataStructureAndAlgoJavaProj/HW1/F23P1starter
</ProjectURI>
<Properties>
<Property>
<Name>
Current-Statements
</Name>
<Value>
58
</Value>
</Property>
<Property>
<Name>
Current-Test-Assertions
</Name>
<Value>
23
</Value>
</Property>
<Property>
<Name>
Type
</Name>
<Value>
Edit
</Value>
</Property>
<Property>
<Name>
Class-Name
</Name>
<Value>
ParserTest
</Value>
</Property>
<Property>
<Name>
Language
</Name>
<Value>
java
</Value>
</Property>
<Property>
<Name>
Current-Methods
</Name>
<Value>
1
</Value>
</Property>
<Property>
<Name>
TestCodeEdit
</Name>
<Value>
true
</Value>
</Property>
<Property>
<Name>
CommitHash
</Name>
<Value>
ac3f69ca0ad84b33ef7e180832467a17e29e750c
</Value>
</Property>
<Property>
<Name>
Current-Size
</Name>
<Value>
3753
</Value>
</Property>
<Property>
<Name>
Current-Test-Methods
</Name>
<Value>
1
</Value>
</Property>
<Property>
<Name>
Subtype
</Name>
<Value>
Save
</Value>
</Property>
<Property>
<Name>
Unit-Type
</Name>
<Value>
file
</Value>
</Property>
</Properties>
</SensorData>
<SensorData>
<Timestamp>
1694277772661
</Timestamp>
<Runtime>
1694277772661
</Runtime>
<Tool>
Eclipse
</Tool>
<SensorDataType>
DevEvent
</SensorDataType>
<URI>
/H:/D_Vol_Origin/360MoveData/Users/Xianwei/Desktop/学习/Graduate/Fall2023/CS5040/DataStructureAndAlgoJavaProj/HW1/F23P1starter/src/ParserTest.java
</URI>
<ProjectURI>
/H:/D_Vol_Origin/360MoveData/Users/Xianwei/Desktop/学习/Graduate/Fall2023/CS5040/DataStructureAndAlgoJavaProj/HW1/F23P1starter
</ProjectURI>
<Properties>
<Property>
<Name>
Current-Statements
</Name>
<Value>
58
</Value>
</Property>
<Property>
<Name>
Current-Test-Assertions
</Name>
<Value>
23
</Value>
</Property>
<Property>
<Name>
Type
</Name>
<Value>
Edit
</Value>
</Property>
<Property>
<Name>
Class-Name
</Name>
<Value>
ParserTest
</Value>
</Property>
<Property>
<Name>
Language
</Name>
<Value>
java
</Value>
</Property>
<Property>
<Name>
Current-Methods
</Name>
<Value>
1
</Value>
</Property>
<Property>
<Name>
TestCodeEdit
</Name>
<Value>
true
</Value>
</Property>
<Property>
<Name>
CommitHash
</Name>
<Value>
b278f01c9bb805aa34550494f7ce76d703210b3e
</Value>
</Property>
<Property>
<Name>
Current-Size
</Name>
<Value>
3751
</Value>
</Property>
<Property>
<Name>
Current-Test-Methods
</Name>
<Value>
1
</Value>
</Property>
<Property>
<Name>
Subtype
</Name>
<Value>
Save
</Value>
</Property>
<Property>
<Name>
Unit-Type
</Name>
<Value>
file
</Value>
</Property>
</Properties>
</SensorData>
<SensorData>
<Timestamp>
1694277774935
</Timestamp>
<Runtime>
1694277774935
</Runtime>
<Tool>
Eclipse
</Tool>
<SensorDataType>
DevEvent
</SensorDataType>
<URI>
/H:/D_Vol_Origin/360MoveData/Users/Xianwei/Desktop/学习/Graduate/Fall2023/CS5040/DataStructureAndAlgoJavaProj/HW1/F23P1starter/src/ParserTest.java
</URI>
<ProjectURI>
/H:/D_Vol_Origin/360MoveData/Users/Xianwei/Desktop/学习/Graduate/Fall2023/CS5040/DataStructureAndAlgoJavaProj/HW1/F23P1starter
</ProjectURI>
<Properties>
<Property>
<Name>
Current-Statements
</Name>
<Value>
58
</Value>
</Property>
<Property>
<Name>
Current-Test-Assertions
</Name>
<Value>
23
</Value>
</Property>
<Property>
<Name>
Type
</Name>
<Value>
Edit
</Value>
</Property>
<Property>
<Name>
Class-Name
</Name>
<Value>
ParserTest
</Value>
</Property>
<Property>
<Name>
Language
</Name>
<Value>
java
</Value>
</Property>
<Property>
<Name>
Current-Methods
</Name>
<Value>
1
</Value>
</Property>
<Property>
<Name>
TestCodeEdit
</Name>
<Value>
true
</Value>
</Property>
<Property>
<Name>
CommitHash
</Name>
<Value>
7e15c9db4c00c70cd2943ed5ee3113e66a9bce15
</Value>
</Property>
<Property>
<Name>
Current-Size
</Name>
<Value>
3751
</Value>
</Property>
<Property>
<Name>
Current-Test-Methods
</Name>
<Value>
1
</Value>
</Property>
<Property>
<Name>
Subtype
</Name>
<Value>
Save
</Value>
</Property>
<Property>
<Name>
Unit-Type
</Name>
<Value>
file
</Value>
</Property>
</Properties>
</SensorData>
<SensorData>
<Timestamp>
1694277777417
</Timestamp>
<Runtime>
1694277777417
</Runtime>
<Tool>
Eclipse
</Tool>
<SensorDataType>
DevEvent
</SensorDataType>
<URI>
/H:/D_Vol_Origin/360MoveData/Users/Xianwei/Desktop/学习/Graduate/Fall2023/CS5040/DataStructureAndAlgoJavaProj/HW1/F23P1starter/src/ParserTest.java
</URI>
<ProjectURI>
/H:/D_Vol_Origin/360MoveData/Users/Xianwei/Desktop/学习/Graduate/Fall2023/CS5040/DataStructureAndAlgoJavaProj/HW1/F23P1starter
</ProjectURI>
<Properties>
<Property>
<Name>
Current-Statements
</Name>
<Value>
58
</Value>
</Property>
<Property>
<Name>
Current-Test-Assertions
</Name>
<Value>
23
</Value>
</Property>
<Property>
<Name>
Type
</Name>
<Value>
Edit
</Value>
</Property>
<Property>
<Name>
Class-Name
</Name>
<Value>
ParserTest
</Value>
</Property>
<Property>
<Name>
Language
</Name>
<Value>
java
</Value>
</Property>
<Property>
<Name>
Current-Methods
</Name>
<Value>
1
</Value>
</Property>
<Property>
<Name>
TestCodeEdit
</Name>
<Value>
true
</Value>
</Property>
<Property>
<Name>
CommitHash
</Name>
<Value>
54f0da763571c29cfea62b6cae42c99292e08a09
</Value>
</Property>
<Property>
<Name>
Current-Size
</Name>
<Value>
3753
</Value>
</Property>
<Property>
<Name>
Current-Test-Methods
</Name>
<Value>
1
</Value>
</Property>
<Property>
<Name>
Subtype
</Name>
<Value>
Save
</Value>
</Property>
<Property>
<Name>
Unit-Type
</Name>
<Value>
file
</Value>
</Property>
</Properties>
</SensorData>
<SensorData>
<Timestamp>
1694278191005
</Timestamp>
<Runtime>
1694278191005
</Runtime>
<Tool>
Eclipse
</Tool>
<SensorDataType>
DevEvent
</SensorDataType>
<URI>
/H:/D_Vol_Origin/360MoveData/Users/Xianwei/Desktop/学习/Graduate/Fall2023/CS5040/DataStructureAndAlgoJavaProj/HW1/F23P1starter/src/ParserTest.java
</URI>
<ProjectURI>
/H:/D_Vol_Origin/360MoveData/Users/Xianwei/Desktop/学习/Graduate/Fall2023/CS5040/DataStructureAndAlgoJavaProj/HW1/F23P1starter
</ProjectURI>
<Properties>
<Property>
<Name>
Current-Statements
</Name>
<Value>
58
</Value>
</Property>
<Property>
<Name>
Current-Test-Assertions
</Name>
<Value>
23
</Value>
</Property>
<Property>
<Name>
Type
</Name>
<Value>
Edit
</Value>
</Property>
<Property>
<Name>
Class-Name
</Name>
<Value>
ParserTest
</Value>
</Property>
<Property>
<Name>
Language
</Name>
<Value>
java
</Value>
</Property>
<Property>
<Name>
Current-Methods
</Name>
<Value>
1
</Value>
</Property>
<Property>
<Name>
TestCodeEdit
</Name>
<Value>
true
</Value>
</Property>
<Property>
<Name>
CommitHash
</Name>
<Value>
1002025cf99974569348e6a30e2393afc3111698
</Value>
</Property>
<Property>
<Name>
Current-Size
</Name>
<Value>
3760
</Value>
</Property>
<Property>
<Name>
Current-Test-Methods
</Name>
<Value>
1
</Value>
</Property>
<Property>
<Name>
Subtype
</Name>
<Value>
Save
</Value>
</Property>
<Property>
<Name>
Unit-Type
</Name>
<Value>
file
</Value>
</Property>
</Properties>
</SensorData>
<SensorData>
<Timestamp>
1694278213435
</Timestamp>
<Runtime>
1694278213435
</Runtime>
<Tool>
Eclipse
</Tool>
<SensorDataType>
DevEvent
</SensorDataType>
<URI>
/H:/D_Vol_Origin/360MoveData/Users/Xianwei/Desktop/学习/Graduate/Fall2023/CS5040/DataStructureAndAlgoJavaProj/HW1/F23P1starter/src/ParserTest.java
</URI>
<ProjectURI>
/H:/D_Vol_Origin/360MoveData/Users/Xianwei/Desktop/学习/Graduate/Fall2023/CS5040/DataStructureAndAlgoJavaProj/HW1/F23P1starter
</ProjectURI>
<Properties>
<Property>
<Name>
Current-Statements
</Name>
<Value>
58
</Value>
</Property>
<Property>
<Name>
Current-Test-Assertions
</Name>
<Value>
23
</Value>
</Property>
<Property>
<Name>
Type
</Name>
<Value>
Edit
</Value>
</Property>
<Property>
<Name>
Class-Name
</Name>
<Value>
ParserTest
</Value>
</Property>
<Property>
<Name>
Current-Methods
</Name>
<Value>
1
</Value>
</Property>
<Property>
<Name>
Current-Size
</Name>
<Value>
3760
</Value>
</Property>
<Property>
<Name>
Current-Test-Methods
</Name>
<Value>
1
</Value>
</Property>
<Property>
<Name>
Subtype
</Name>
<Value>
StateChange
</Value>
</Property>
</Properties>
</SensorData>
<SensorData>
<Timestamp>
1694278227602
</Timestamp>
<Runtime>
1694278227602
</Runtime>
<Tool>
Eclipse
</Tool>
<SensorDataType>
DevEvent
</SensorDataType>
<URI>
/H:/D_Vol_Origin/360MoveData/Users/Xianwei/Desktop/学习/Graduate/Fall2023/CS5040/DataStructureAndAlgoJavaProj/HW1/F23P1starter/src/Parser.java
</URI>
<ProjectURI>
/H:/D_Vol_Origin/360MoveData/Users/Xianwei/Desktop/学习/Graduate/Fall2023/CS5040/DataStructureAndAlgoJavaProj/HW1/F23P1starter
</ProjectURI>
<Properties>
<Property>
<Name>
To-Buff-Name
</Name>
<Value>
file:/H:/D_Vol_Origin/360MoveData/Users/Xianwei/Desktop/学习/Graduate/Fall2023/CS5040/DataStructureAndAlgoJavaProj/HW1/F23P1starter/src/Parser.java
</Value>
</Property>
<Property>
<Name>
Type
</Name>
<Value>
Edit
</Value>
</Property>
<Property>
<Name>
Modified
</Name>
<Value>
false
</Value>
</Property>
<Property>
<Name>
From-Buff-Name
</Name>
<Value>
file:/H:/D_Vol_Origin/360MoveData/Users/Xianwei/Desktop/学习/Graduate/Fall2023/CS5040/DataStructureAndAlgoJavaProj/HW1/F23P1starter/src/ParserTest.java
</Value>
</Property>
<Property>
<Name>
Subtype
</Name>
<Value>
BufferTransition
</Value>
</Property>
</Properties>
</SensorData>
<SensorData>
<Timestamp>
1694278236273
</Timestamp>
<Runtime>
1694278236273
</Runtime>
<Tool>
Eclipse
</Tool>
<SensorDataType>
DevEvent
</SensorDataType>
<URI>
/H:/D_Vol_Origin/360MoveData/Users/Xianwei/Desktop/学习/Graduate/Fall2023/CS5040/DataStructureAndAlgoJavaProj/HW1/F23P1starter/src/Parser.java
</URI>
<ProjectURI>
/H:/D_Vol_Origin/360MoveData/Users/Xianwei/Desktop/学习/Graduate/Fall2023/CS5040/DataStructureAndAlgoJavaProj/HW1/F23P1starter
</ProjectURI>
<Properties>
<Property>
<Name>
Type
</Name>
<Value>
Termination
</Value>
</Property>
<Property>
<Name>
Class-Name
</Name>
<Value>
src
</Value>
</Property>
<Property>
<Name>
Subsubtype
</Name>
<Value>
Normal
</Value>
</Property>
<Property>
<Name>
ConsoleOutput
</Name>
<Value>
下午12:41:54 PIT >> INFO : -------------------------------------------------------
下午12:41:54 PIT >> INFO : Enabled (+) and disabled (-) features.
下午12:41:54 PIT >> INFO : -----------------------------------------
下午12:41:54 PIT >> INFO : +FANN           Filters mutations in classes and method
下午12:41:54 PIT >> INFO :   [annotation]    Annotation to avoid (full package nam
下午12:41:54 PIT >> INFO : +FENUM          Filters mutations in enum constructors
下午12:41:54 PIT >> INFO : +FFBLOCK        Filters mutations in code duplicated by
下午12:41:54 PIT >> INFO : +FFEACH         Filters mutations in compiler generated
下午12:41:54 PIT >> INFO : +FFLOOP         Filters any mutations to increments in 
下午12:41:54 PIT >> INFO : +FINFINC        Filters mutations to increments that ma
下午12:41:54 PIT >> INFO : +FINFIT         Filters mutations that may cause infini
下午12:41:54 PIT >> INFO : +FINULL         Filters mutations in compiler generated
下午12:41:54 PIT >> INFO : +FKOTLIN        Filters out junk mutations in bytecode 
下午12:41:54 PIT >> INFO : +FLOGCALL       Filters mutations in code that makes ca
下午12:41:54 PIT >> INFO : +FMRNULL        Filters mutations in compiler generated
下午12:41:54 PIT >> INFO : +FRETEQUIV      Filters return vals mutants with byteco
下午12:41:54 PIT >> INFO : +FSEQUIVEQUALS  Filters equivalent mutations that affec
下午12:41:54 PIT >> INFO : +FSTATI         Filters mutations in static initializer
下午12:41:54 PIT >> INFO : +FSTATINIT      Filters mutations in static initializer
下午12:41:54 PIT >> INFO : +FTRYWR         Filters mutations in code generated for
下午12:41:54 PIT >> INFO : +_internal_activate_by_output_string
下午12:41:54 PIT >> INFO : -CLASSLIMIT     Limits the maximum number of mutations 
下午12:41:54 PIT >> INFO :   [limit]         Integer value for maximum mutations t
下午12:41:54 PIT >> INFO : -EXPORT         Exports mutants bytecode and other deta
下午12:41:54 PIT >> INFO : -------------------------------------------------------
下午12:41:54 PIT >> FINE : Running report with ReportOptions [targetClasses=[myHas
下午12:41:54 PIT >> FINE : System class path is C:\Users\Xianwei\.p2\pool\plugins\
下午12:41:54 PIT >> FINE : Maximum available memory is 16368 mb
下午12:41:55 PIT >> FINE : Incremental analysis set 266 mutations to a status of N
下午12:41:55 PIT >> INFO : Incremental analysis reduced number of mutations by 0
下午12:41:55 PIT >> INFO : Created  4 mutation test units in pre scan
下午12:41:55 PIT >> FINE : MINION : Installing PIT agent
下午12:41:55 PIT >> INFO : Sending 11 test classes to minion
下午12:41:55 PIT >> INFO : Sent tests to minion
下午12:41:55 PIT >> INFO : MINION : 下午12:41:55 PIT >> FINE : Expecting 11 tests cl
下午12:41:55 PIT >> INFO : MINION : 下午12:41:55 PIT >> FINE : Tests classes receive
下午12:41:55 PIT >> INFO : MINION : 下午12:41:55 PIT >> INFO : Checking environment
下午12:41:55 PIT >> INFO : MINION : 下午12:41:55 PIT >> INFO : Found  2 tests
下午12:41:55 PIT >> INFO : MINION : 下午12:41:55 PIT >> INFO : Dependency analysis r
下午12:41:55 PIT >> INFO : MINION : 下午12:41:55 PIT >> INFO : 2 tests received
下午12:41:55 PIT >> INFO : MINION : 下午12:41:55 PIT >> FINE : Running 2 units
下午12:41:55 PIT >> INFO : MINION : 下午12:41:55 PIT >> FINE : Gathering coverage fo
下午12:41:55 PIT >> INFO : MINION : WARNING: A terminally deprecated method in jav
下午12:41:55 PIT >> INFO : MINION : WARNING: System::setSecurityManager has been c
下午12:41:55 PIT >> INFO : MINION : WARNING: Please consider reporting this to the
下午12:41:55 PIT >> INFO : MINION : WARNING: System::setSecurityManager will be re
下午12:41:55 PIT >> FINE : MINION : Error in initializing instances!
下午12:41:55 PIT >> INFO : MINION : java.lang.NullPointerException: Cannot read th
下午12:41:55 PIT >> INFO : MINION : 	at SemManager.main(SemManager.java:300)
下午12:41:55 PIT >> INFO : MINION : 	at SemManagerTest.testMInitx(SemManagerTest.j
下午12:41:55 PIT >> INFO : MINION : 	at java.base/jdk.internal.reflect.NativeMetho
下午12:41:55 PIT >> INFO : MINION : 	at java.base/jdk.internal.reflect.NativeMetho
下午12:41:55 PIT >> INFO : MINION : 	at java.base/jdk.internal.reflect.DelegatingM
下午12:41:55 PIT >> INFO : MINION : 	at java.base/java.lang.reflect.Method.invoke(
下午12:41:55 PIT >> INFO : MINION : 	at org.junit.runners.model.FrameworkMethod$1.
下午12:41:55 PIT >> INFO : MINION : 	at org.junit.internal.runners.model.Reflectiv
下午12:41:55 PIT >> INFO : MINION : 	at org.junit.runners.model.FrameworkMethod.in
下午12:41:55 PIT >> INFO : MINION : 	at org.junit.internal.runners.statements.Invo
下午12:41:55 PIT >> INFO : MINION : 	at org.junit.internal.runners.statements.RunB
下午12:41:55 PIT >> INFO : MINION : 	at org.junit.internal.runners.statements.RunA
下午12:41:55 PIT >> INFO : MINION : 	at student.testingsupport.junit4.RunTestMetho
下午12:41:55 PIT >> INFO : MINION : 	at org.junit.internal.runners.statements.Fail
下午12:41:55 PIT >> INFO : MINION : 	at org.junit.internal.runners.statements.Fail
下午12:41:55 PIT >> INFO : MINION : 	at java.base/java.util.concurrent.FutureTask.
下午12:41:55 PIT >> INFO : MINION : 	at java.base/java.lang.Thread.run(Thread.java
下午12:41:55 PIT >> INFO : MINION : WARNING: A terminally deprecated method in jav
下午12:41:55 PIT >> INFO : MINION : WARNING: System::setSecurityManager has been c
下午12:41:55 PIT >> INFO : MINION : WARNING: Please consider reporting this to the
下午12:41:55 PIT >> INFO : MINION : WARNING: System::setSecurityManager will be re
下午12:41:55 PIT >> INFO : MINION : 下午12:41:55 PIT >> FINE : Gathering coverage fo
下午12:41:55 PIT >> FINE : MINION : testtoString
下午12:41:55 PIT >> FINE : MINION : ID: 1729, Title: Seminar Title
下午12:41:55 PIT >> FINE : MINION : Date: 2405231000, Length: 75, X: 15, Y: 33, Co
下午12:41:55 PIT >> FINE : MINION : Description: This is a great seminar
下午12:41:55 PIT >> FINE : MINION : Keywords: Good, Bad, Ugly
下午12:41:55 PIT >> FINE : MINION : testSeminarDS
下午12:41:55 PIT >> FINE : MINION : Number of bytes in serialized object is: 95
下午12:41:55 PIT >> FINE : MINION : ID: 1729, Title: Seminar Title
下午12:41:55 PIT >> FINE : MINION : Date: 2405231000, Length: 75, X: 15, Y: 33, Co
下午12:41:55 PIT >> FINE : MINION : Description: This is a great seminar
下午12:41:55 PIT >> FINE : MINION : Keywords: Good, Bad, Ugly
下午12:41:55 PIT >> FINE : MINION : ID: 1729, Title: Seminar Title
下午12:41:55 PIT >> FINE : MINION : Date: 2405231000, Length: 75, X: 15, Y: 33, Co
下午12:41:55 PIT >> FINE : MINION : Description: This is a great seminar
下午12:41:55 PIT >> FINE : MINION : Keywords: Good, Bad, Ugly
下午12:41:55 PIT >> FINE : Coverage generator Minion exited ok
下午12:41:55 PIT >> INFO : Calculated coverage in 0 seconds.
下午12:41:55 PIT >> FINE : Used memory after coverage calculation 28 mb
下午12:41:55 PIT >> FINE : Free Memory after coverage calculation 995 mb
下午12:41:55 PIT >> FINE : Incremental analysis set 266 mutations to a status of N
下午12:41:55 PIT >> INFO : Incremental analysis reduced number of mutations by 0
下午12:41:55 PIT >> INFO : Created  4 mutation test units
下午12:41:55 PIT >> FINE : Used memory before analysis start 21 mb
下午12:41:55 PIT >> FINE : Free Memory before analysis start 1002 mb
下午12:41:55 PIT >> FINE : Running 4 units
stdout  : Installing PIT agent
stdout  : Installing PIT agent
stderr  : 下午12:41:56 PIT >> FINE : Running mutation MutationDetails [id=Mutation
stderr  : 下午12:41:56 PIT >> FINE : Running mutation MutationDetails [id=Mutation
stderr  : 下午12:41:56 PIT >> FINE : mutating method initializeComponents
stderr  : 下午12:41:56 PIT >> FINE : 1 relevant test for initializeComponents
stderr  : 下午12:41:56 PIT >> FINE : replaced class with mutant in 5 ms
stderr  : 下午12:41:56 PIT >> FINE : mutating method deserialize
stderr  : 下午12:41:56 PIT >> FINE : Running 1 units
stderr  : 下午12:41:56 PIT >> FINE : 1 relevant test for deserialize
stderr  : 下午12:41:56 PIT >> FINE : replaced class with mutant in 6 ms
stderr  : 下午12:41:56 PIT >> FINE : Running 1 units
stderr  : WARNING: A terminally deprecated method in java.lang.System has been c
stderr  : WARNING: System::setSecurityManager has been called by student.testing
stderr  : WARNING: Please consider reporting this to the maintainers of student.
stderr  : WARNING: System::setSecurityManager will be removed in a future releas
stderr  : WARNING: A terminally deprecated method in java.lang.System has been c
stderr  : WARNING: System::setSecurityManager has been called by student.testing
stderr  : WARNING: Please consider reporting this to the maintainers of student.
stderr  : WARNING: System::setSecurityManager will be removed in a future releas
stdout  : Error in creating memory pool! Please enter an integar!
stdout  : Error in initializing instances!
stderr  : java.lang.NullPointerException: Cannot read the array length because "
stderr  : 	at SemManager.main(SemManager.java:300)
stderr  : 	at SemManagerTest.testMInitx(SemManagerTest.java:23)
stderr  : 	at java.base/jdk.internal.reflect.NativeMethodAccessorImpl.invoke0(Na
stderr  : 	at java.base/jdk.internal.reflect.NativeMethodAccessorImpl.invoke(Nat
stderr  : 	at java.base/jdk.internal.reflect.DelegatingMethodAccessorImpl.invoke
stderr  : 	at java.base/java.lang.reflect.Method.invoke(Method.java:568)
stderr  : 	at org.junit.runners.model.FrameworkMethod$1.runReflectiveCall(Framew
stderr  : 	at org.junit.internal.runners.model.ReflectiveCallable.run(Reflective
stderr  : 	at org.junit.runners.model.FrameworkMethod.invokeExplosively(Framewor
stderr  : 	at org.junit.internal.runners.statements.InvokeMethod.evaluate(Invoke
stderr  : 	at org.junit.internal.runners.statements.RunBefores.evaluate(RunBefor
stderr  : 	at org.junit.internal.runners.statements.RunAfters.evaluate(RunAfters
stderr  : 	at student.testingsupport.junit4.RunTestMethodWrapper.evaluate(RunTes
stderr  : 	at org.junit.internal.runners.statements.FailOnTimeout$CallableStatem
stderr  : 	at org.junit.internal.runners.statements.FailOnTimeout$CallableStatem
stderr  : 	at java.base/java.util.concurrent.FutureTask.run(FutureTask.java:264)
stderr  : 	at java.base/java.lang.Thread.run(Thread.java:833)
stderr  : WARNING: A terminally deprecated method in java.lang.System has been c
stderr  : WARNING: System::setSecurityManager has been called by student.testing
stderr  : WARNING: Please consider reporting this to the maintainers of student.
stderr  : WARNING: System::setSecurityManager will be removed in a future releas
stderr  : 下午12:41:56 PIT >> FINE : Mutation MutationIdentifier [location=Locatio
stderr  : 下午12:41:56 PIT >> FINE : processed mutation in 99 ms.
stderr  : 下午12:41:56 PIT >> FINE : Running mutation MutationDetails [id=Mutation
下午12:41:56 PIT >> FINE : MutationIdentifier [location=Location [clazz=Parser, me
stdout  : testtoString
stdout  : ID: 1729, Title: Seminar Title
stdout  : Date: 2405231000, Length: 75, X: 15, Y: 33, Cost: 125
stdout  : Description: This is a great seminar
stdout  : Keywords: Good, Bad, Ugly
stderr  : 下午12:41:56 PIT >> FINE : mutating method initializeComponents
stderr  : 下午12:41:56 PIT >> FINE : 1 relevant test for initializeComponents
stdout  : testSeminarDS
stderr  : WARNING: A terminally deprecated method in java.lang.System has been c
stderr  : WARNING: System::setSecurityManager has been called by student.testing
stderr  : WARNING: Please consider reporting this to the maintainers of student.
stderr  : WARNING: System::setSecurityManager will be removed in a future releas
stderr  : 下午12:41:56 PIT >> FINE : replaced class with mutant in 6 ms
stderr  : 下午12:41:56 PIT >> FINE : Running 1 units
stdout  : Error in initializing instances!
stderr  : java.lang.NullPointerException: Cannot read the array length because "
stderr  : 	at SemManager.main(SemManager.java:300)
stderr  : 	at SemManagerTest.testMInitx(SemManagerTest.java:23)
stderr  : 	at java.base/jdk.internal.reflect.NativeMethodAccessorImpl.invoke0(Na
stderr  : 	at java.base/jdk.internal.reflect.NativeMethodAccessorImpl.invoke(Nat
stderr  : 	at java.base/jdk.internal.reflect.DelegatingMethodAccessorImpl.invoke
stderr  : 	at java.base/java.lang.reflect.Method.invoke(Method.java:568)
stderr  : 	at org.junit.runners.model.FrameworkMethod$1.runReflectiveCall(Framew
stderr  : 	at org.junit.internal.runners.model.ReflectiveCallable.run(Reflective
stderr  : 	at org.junit.runners.model.FrameworkMethod.invokeExplosively(Framewor
stderr  : 	at org.junit.internal.runners.statements.InvokeMethod.evaluate(Invoke
stderr  : 	at org.junit.internal.runners.statements.RunBefores.evaluate(RunBefor
stderr  : 	at org.junit.internal.runners.statements.RunAfters.evaluate(RunAfters
stderr  : 	at student.testingsupport.junit4.RunTestMethodWrapper.evaluate(RunTes
stderr  : 	at org.junit.internal.runners.statements.FailOnTimeout$CallableStatem
stderr  : 	at org.junit.internal.runners.statements.FailOnTimeout$CallableStatem
stderr  : 	at java.base/java.util.concurrent.FutureTask.run(FutureTask.java:264)
stderr  : 	at java.base/java.lang.Thread.run(Thread.java:833)
stderr  : 下午12:41:56 PIT >> FINE : Mutation MutationIdentifier [location=Locatio
stderr  : 下午12:41:56 PIT >> FINE : processed mutation in 15 ms.
stderr  : 下午12:41:56 PIT >> FINE : Mutation MutationIdentifier [location=Locatio
stderr  : 下午12:41:56 PIT >> FINE : processed mutation in 100 ms.
下午12:41:56 PIT >> FINE : MutationIdentifier [location=Location [clazz=Parser, me
下午12:41:56 PIT >> FINE : MutationIdentifier [location=Location [clazz=Seminar, m
stderr  : 下午12:41:56 PIT >> FINE : Running mutation MutationDetails [id=Mutation
下午12:41:56 PIT >> FINE : Exit code was - OK
下午12:41:56 PIT >> FINE : Minion exited ok
stderr  : 下午12:41:56 PIT >> FINE : mutating method toString
stderr  : 下午12:41:56 PIT >> FINE : 1 relevant test for toString
stderr  : 下午12:41:56 PIT >> FINE : replaced class with mutant in 5 ms
stderr  : 下午12:41:56 PIT >> FINE : Running 1 units
stdout  : testSeminarDS
stderr  : 下午12:41:56 PIT >> FINE : Mutation MutationIdentifier [location=Locatio
stderr  : 下午12:41:56 PIT >> FINE : processed mutation in 13 ms.
stderr  : 下午12:41:56 PIT >> FINE : Running mutation MutationDetails [id=Mutation
下午12:41:56 PIT >> FINE : MutationIdentifier [location=Location [clazz=Seminar, m
stderr  : 下午12:41:56 PIT >> FINE : mutating method toString
stderr  : 下午12:41:56 PIT >> FINE : 1 relevant test for toString
stderr  : 下午12:41:56 PIT >> FINE : replaced class with mutant in 7 ms
stderr  : 下午12:41:56 PIT >> FINE : Running 1 units
stdout  : testtoString
stdout  : ID: 1729, Title: Seminar Title
stdout  : Date: 2405231000, Length: 75, X: 15, Y: 33, Cost: 125
stdout  : Description: This is a great seminar
stdout  : Keywords: Good, Bad, Ugly, 
stdout  : testSeminarDS
stdout  : Number of bytes in serialized object is: 95
stdout  : ID: 1729, Title: Seminar Title
stdout  : Date: 2405231000, Length: 75, X: 15, Y: 33, Cost: 125
stdout  : Description: This is a great seminar
stdout  : Keywords: Good, Bad, Ugly, 
stdout  : ID: 1729, Title: Seminar Title
stdout  : Date: 2405231000, Length: 75, X: 15, Y: 33, Cost: 125
stdout  : Description: This is a great seminar
stdout  : Keywords: Good, Bad, Ugly, 
stderr  : 下午12:41:56 PIT >> FINE : Mutation MutationIdentifier [location=Locatio
stderr  : 下午12:41:56 PIT >> FINE : processed mutation in 15 ms.
stderr  : 下午12:41:56 PIT >> FINE : Running mutation MutationDetails [id=Mutation
下午12:41:56 PIT >> FINE : MutationIdentifier [location=Location [clazz=Seminar, m
stderr  : 下午12:41:56 PIT >> FINE : mutating method toString
stderr  : 下午12:41:56 PIT >> FINE : 1 relevant test for toString
stderr  : 下午12:41:56 PIT >> FINE : replaced class with mutant in 5 ms
stderr  : 下午12:41:56 PIT >> FINE : Running 1 units
stdout  : testtoString
stdout  : ID: 1729, Title: Seminar Title
stdout  : Date: 2405231000, Length: 75, X: 15, Y: 33, Cost: 125
stdout  : Description: This is a great seminar
stdout  : Keywords: Good, BadUgly, 
stdout  : testSeminarDS
stdout  : Number of bytes in serialized object is: 95
stdout  : ID: 1729, Title: Seminar Title
stdout  : Date: 2405231000, Length: 75, X: 15, Y: 33, Cost: 125
stdout  : Description: This is a great seminar
stdout  : Keywords: Good, BadUgly, 
stdout  : ID: 1729, Title: Seminar Title
stdout  : Date: 2405231000, Length: 75, X: 15, Y: 33, Cost: 125
stdout  : Description: This is a great seminar
stdout  : Keywords: Good, BadUgly, 
stderr  : 下午12:41:56 PIT >> FINE : Mutation MutationIdentifier [location=Locatio
stderr  : 下午12:41:56 PIT >> FINE : processed mutation in 15 ms.
stderr  : 下午12:41:56 PIT >> FINE : Running mutation MutationDetails [id=Mutation
下午12:41:56 PIT >> FINE : MutationIdentifier [location=Location [clazz=Seminar, m
stderr  : 下午12:41:56 PIT >> FINE : mutating method toString
stderr  : 下午12:41:56 PIT >> FINE : 1 relevant test for toString
stderr  : 下午12:41:56 PIT >> FINE : replaced class with mutant in 7 ms
stderr  : 下午12:41:56 PIT >> FINE : Running 1 units
stdout  : testtoString
stdout  : ID: 1729, Title: Seminar Title
stdout  : Date: 2405231000, Length: 75, X: 15, Y: 33, Cost: 125
stdout  : Description: This is a great seminar
stdout  : Keywords: GoodBadUgly
stdout  : testSeminarDS
stdout  : Number of bytes in serialized object is: 95
stdout  : ID: 1729, Title: Seminar Title
stdout  : Date: 2405231000, Length: 75, X: 15, Y: 33, Cost: 125
stdout  : Description: This is a great seminar
stdout  : Keywords: GoodBadUgly
stdout  : ID: 1729, Title: Seminar Title
stdout  : Date: 2405231000, Length: 75, X: 15, Y: 33, Cost: 125
stdout  : Description: This is a great seminar
stdout  : Keywords: GoodBadUgly
stderr  : 下午12:41:56 PIT >> FINE : Mutation MutationIdentifier [location=Locatio
stderr  : 下午12:41:56 PIT >> FINE : processed mutation in 12 ms.
stderr  : 下午12:41:56 PIT >> FINE : Running mutation MutationDetails [id=Mutation
下午12:41:56 PIT >> FINE : MutationIdentifier [location=Location [clazz=Seminar, m
stderr  : 下午12:41:56 PIT >> FINE : mutating method toString
stderr  : 下午12:41:56 PIT >> FINE : 1 relevant test for toString
stderr  : 下午12:41:56 PIT >> FINE : replaced class with mutant in 7 ms
stderr  : 下午12:41:56 PIT >> FINE : Running 1 units
stdout  : testtoString
stdout  : ID: 1729, Title: Seminar Title
stdout  : Date: 2405231000, Length: 75, X: 15, Y: 33, Cost: 125
stdout  : Description: This is a great seminar
stdout  : Keywords: 
stdout  : testSeminarDS
stdout  : Number of bytes in serialized object is: 95
stdout  : ID: 1729, Title: Seminar Title
stdout  : Date: 2405231000, Length: 75, X: 15, Y: 33, Cost: 125
stdout  : Description: This is a great seminar
stdout  : Keywords: 
stdout  : ID: 1729, Title: Seminar Title
stdout  : Date: 2405231000, Length: 75, X: 15, Y: 33, Cost: 125
stdout  : Description: This is a great seminar
stdout  : Keywords: 
stderr  : 下午12:41:56 PIT >> FINE : Mutation MutationIdentifier [location=Locatio
stderr  : 下午12:41:56 PIT >> FINE : processed mutation in 11 ms.
stderr  : 下午12:41:56 PIT >> FINE : Running mutation MutationDetails [id=Mutation
下午12:41:56 PIT >> FINE : MutationIdentifier [location=Location [clazz=Seminar, m
stderr  : 下午12:41:56 PIT >> FINE : mutating method deserialize
stderr  : 下午12:41:56 PIT >> FINE : 1 relevant test for deserialize
stderr  : 下午12:41:56 PIT >> FINE : replaced class with mutant in 8 ms
stderr  : 下午12:41:56 PIT >> FINE : Running 1 units
stdout  : testtoString
stdout  : ID: 1729, Title: Seminar Title
stdout  : Date: 2405231000, Length: 75, X: 15, Y: 33, Cost: 125
stdout  : Description: This is a great seminar
stdout  : Keywords: Good, Bad, Ugly
stdout  : testSeminarDS
stdout  : Number of bytes in serialized object is: 95
stdout  : ID: 1729, Title: Seminar Title
stdout  : Date: 2405231000, Length: 75, X: 15, Y: 33, Cost: 125
stdout  : Description: This is a great seminar
stdout  : Keywords: Good, Bad, Ugly
stdout  : ID: 1729, Title: Seminar Title
stdout  : Date: 2405231000, Length: 75, X: 15, Y: 33, Cost: 125
stdout  : Description: Good
stdout  : Keywords: null, null, null
stderr  : 下午12:41:56 PIT >> FINE : Mutation MutationIdentifier [location=Locatio
stderr  : 下午12:41:56 PIT >> FINE : processed mutation in 17 ms.
stderr  : 下午12:41:56 PIT >> FINE : Running mutation MutationDetails [id=Mutation
下午12:41:56 PIT >> FINE : MutationIdentifier [location=Location [clazz=Seminar, m
stderr  : 下午12:41:56 PIT >> FINE : mutating method toString
stderr  : 下午12:41:56 PIT >> FINE : 1 relevant test for toString
stderr  : 下午12:41:56 PIT >> FINE : replaced class with mutant in 5 ms
stderr  : 下午12:41:56 PIT >> FINE : Running 1 units
stdout  : testtoString
stdout  : ID: 1729, Title: Seminar Title
stdout  : Date: 2405231000, Length: 75, X: 15, Y: 33, Cost: 125
stdout  : Description: This is a great seminar
stdout  : Keywords: Good, Bad, Ugly, 
stdout  : testSeminarDS
stdout  : Number of bytes in serialized object is: 95
stdout  : ID: 1729, Title: Seminar Title
stdout  : Date: 2405231000, Length: 75, X: 15, Y: 33, Cost: 125
stdout  : Description: This is a great seminar
stdout  : Keywords: Good, Bad, Ugly, 
stdout  : ID: 1729, Title: Seminar Title
stdout  : Date: 2405231000, Length: 75, X: 15, Y: 33, Cost: 125
stdout  : Description: This is a great seminar
stdout  : Keywords: Good, Bad, Ugly, 
stderr  : 下午12:41:56 PIT >> FINE : Mutation MutationIdentifier [location=Locatio
stderr  : 下午12:41:56 PIT >> FINE : processed mutation in 12 ms.
下午12:41:56 PIT >> FINE : MutationIdentifier [location=Location [clazz=Seminar, m
下午12:41:56 PIT >> FINE : Exit code was - OK
下午12:41:56 PIT >> FINE : Minion exited ok
下午12:41:56 PIT >> INFO : Completed in 1 seconds
================================================================================
- Mutators
================================================================================
> org.pitest.mutationtest.engine.gregor.mutators.RemoveConditionalMutator_ORDER_
>> Generated 15 Killed 2 (13%)
> KILLED 2 LINES_NEEDING_BETTER_TESTING 0 TIMED_OUT 0 NON_VIABLE 0 
> MEMORY_ERROR 0 NOT_STARTED 0 STARTED 0 RUN_ERROR 0 
> LINES_NOT_TESTED 13 
--------------------------------------------------------------------------------
> org.pitest.mutationtest.engine.gregor.mutators.rv.AOD1Mutator
>> Generated 55 Killed 1 (2%)
> KILLED 1 LINES_NEEDING_BETTER_TESTING 0 TIMED_OUT 0 NON_VIABLE 0 
> MEMORY_ERROR 0 NOT_STARTED 0 STARTED 0 RUN_ERROR 0 
> LINES_NOT_TESTED 54 
--------------------------------------------------------------------------------
> org.pitest.mutationtest.engine.gregor.mutators.rv.AOD2Mutator
>> Generated 55 Killed 1 (2%)
> KILLED 1 LINES_NEEDING_BETTER_TESTING 0 TIMED_OUT 0 NON_VIABLE 0 
> MEMORY_ERROR 0 NOT_STARTED 0 STARTED 0 RUN_ERROR 0 
> LINES_NOT_TESTED 54 
--------------------------------------------------------------------------------
> org.pitest.mutationtest.engine.gregor.mutators.RemoveConditionalMutator_EQUAL_
>> Generated 63 Killed 1 (2%)
> KILLED 1 LINES_NEEDING_BETTER_TESTING 1 TIMED_OUT 0 NON_VIABLE 0 
> MEMORY_ERROR 0 NOT_STARTED 0 STARTED 0 RUN_ERROR 0 
> LINES_NOT_TESTED 61 
--------------------------------------------------------------------------------
> org.pitest.mutationtest.engine.gregor.mutators.RemoveConditionalMutator_ORDER_
>> Generated 15 Killed 2 (13%)
> KILLED 2 LINES_NEEDING_BETTER_TESTING 0 TIMED_OUT 0 NON_VIABLE 0 
> MEMORY_ERROR 0 NOT_STARTED 0 STARTED 0 RUN_ERROR 0 
> LINES_NOT_TESTED 13 
--------------------------------------------------------------------------------
> org.pitest.mutationtest.engine.gregor.mutators.RemoveConditionalMutator_EQUAL_
>> Generated 63 Killed 1 (2%)
> KILLED 1 LINES_NEEDING_BETTER_TESTING 1 TIMED_OUT 0 NON_VIABLE 0 
> MEMORY_ERROR 0 NOT_STARTED 0 STARTED 0 RUN_ERROR 0 
> LINES_NOT_TESTED 61 
--------------------------------------------------------------------------------
================================================================================
- Timings
================================================================================
> pre-scan for mutations : < 1 second
> scan classpath : < 1 second
> coverage and dependency analysis : < 1 second
> build mutation tests : < 1 second
> run mutation analysis : < 1 second
--------------------------------------------------------------------------------
> Total  : 1 seconds
--------------------------------------------------------------------------------
================================================================================
- Statistics
================================================================================
>> Line Coverage: 67/532 (13%)
>> Generated 266 mutations Killed 8 (3%)
>> Mutations with no coverage 256. Test strength 80%
>> Ran 12 tests (0.05 tests per mutation)
</Value>
</Property>
<Property>
<Name>
Subtype
</Name>
<Value>
Normal
</Value>
</Property>
</Properties>
</SensorData>
<SensorData>
<Timestamp>
1694278236274
</Timestamp>
<Runtime>
1694278236274
</Runtime>
<Tool>
Eclipse
</Tool>
<SensorDataType>
DevEvent
</SensorDataType>
<URI>
/H:/D_Vol_Origin/360MoveData/Users/Xianwei/Desktop/学习/Graduate/Fall2023/CS5040/DataStructureAndAlgoJavaProj/HW1/F23P1starter/src/Parser.java
</URI>
<ProjectURI>
/H:/D_Vol_Origin/360MoveData/Users/Xianwei/Desktop/学习/Graduate/Fall2023/CS5040/DataStructureAndAlgoJavaProj/HW1/F23P1starter
</ProjectURI>
<Properties>
<Property>
<Name>
Type
</Name>
<Value>
Launch
</Value>
</Property>
<Property>
<Name>
Subtype
</Name>
<Value>
Normal
</Value>
</Property>
<Property>
<Name>
Unit-Name
</Name>
<Value>
src
</Value>
</Property>
</Properties>
</SensorData>
